<?xml version="1.0" encoding="utf-8"?>
<outputLog>
  <ApplicationId>cbfeaa04-dd55-44fa-add3-f3124b2b93b6</ApplicationId>
  <FileLogs>
    <FileLog>
      <CorrelationId>Intent.VisualStudio.Projects.GitIgnore#e579c0ce-17a9-4c4b-8c24-3b58441aaf01</CorrelationId>
      <OverwriteBehaviour>overwrite-disabled</OverwriteBehaviour>
      <ApplicationRelativeFilePath>../../VehiCover/.gitignore</ApplicationRelativeFilePath>
      <IsIgnored>false</IsIgnored>
    </FileLog>
    <FileLog>
      <ProjectId>f0c5e4aa-c7c5-4ba6-af3c-dad6ed956f58</ProjectId>
      <CorrelationId>Intent.VisualStudio.Projects.CoreWeb.AppSettings-Default#f0c5e4aa-c7c5-4ba6-af3c-dad6ed956f58</CorrelationId>
      <OverwriteBehaviour>always</OverwriteBehaviour>
      <ApplicationRelativeFilePath>../../VehiCover/VehiCover.Api/appsettings.json</ApplicationRelativeFilePath>
      <ProjectRelativeFilePath>appsettings.json</ProjectRelativeFilePath>
      <IsIgnored>false</IsIgnored>
    </FileLog>
    <FileLog>
      <ProjectId>83e4bee3-d5ba-4c6d-a772-7c141b64c8d4</ProjectId>
      <CorrelationId>Intent.AspNetCore.Versioning.ApiVersioningConfiguration</CorrelationId>
      <OverwriteBehaviour>always</OverwriteBehaviour>
      <ApplicationRelativeFilePath>../../VehiCover/VehiCover.Api/Configuration/ApiVersioningConfiguration.cs</ApplicationRelativeFilePath>
      <ProjectRelativeFilePath>ApiVersioningConfiguration.cs</ProjectRelativeFilePath>
      <IsIgnored>false</IsIgnored>
    </FileLog>
    <FileLog>
      <ProjectId>83e4bee3-d5ba-4c6d-a772-7c141b64c8d4</ProjectId>
      <CorrelationId>Intent.AspNetCore.Versioning.ApiVersionSwaggerGenOptions</CorrelationId>
      <OverwriteBehaviour>always</OverwriteBehaviour>
      <ApplicationRelativeFilePath>../../VehiCover/VehiCover.Api/Configuration/ApiVersionSwaggerGenOptions.cs</ApplicationRelativeFilePath>
      <ProjectRelativeFilePath>ApiVersionSwaggerGenOptions.cs</ProjectRelativeFilePath>
      <IsIgnored>false</IsIgnored>
    </FileLog>
    <FileLog>
      <ProjectId>83e4bee3-d5ba-4c6d-a772-7c141b64c8d4</ProjectId>
      <CorrelationId>Intent.Application.Identity.ApplicationSecurityConfiguration</CorrelationId>
      <OverwriteBehaviour>always</OverwriteBehaviour>
      <ApplicationRelativeFilePath>../../VehiCover/VehiCover.Api/Configuration/ApplicationSecurityConfiguration.cs</ApplicationRelativeFilePath>
      <ProjectRelativeFilePath>ApplicationSecurityConfiguration.cs</ProjectRelativeFilePath>
      <IsIgnored>false</IsIgnored>
    </FileLog>
    <FileLog>
      <ProjectId>83e4bee3-d5ba-4c6d-a772-7c141b64c8d4</ProjectId>
      <CorrelationId>Intent.AspNetCore.HealthChecks.HealthChecksConfiguration</CorrelationId>
      <OverwriteBehaviour>always</OverwriteBehaviour>
      <ApplicationRelativeFilePath>../../VehiCover/VehiCover.Api/Configuration/HealthChecksConfiguration.cs</ApplicationRelativeFilePath>
      <ProjectRelativeFilePath>HealthChecksConfiguration.cs</ProjectRelativeFilePath>
      <IsIgnored>false</IsIgnored>
    </FileLog>
    <FileLog>
      <ProjectId>83e4bee3-d5ba-4c6d-a772-7c141b64c8d4</ProjectId>
      <CorrelationId>Intent.AspNetCore.ProblemDetailsConfiguration</CorrelationId>
      <OverwriteBehaviour>always</OverwriteBehaviour>
      <ApplicationRelativeFilePath>../../VehiCover/VehiCover.Api/Configuration/ProblemDetailsConfiguration.cs</ApplicationRelativeFilePath>
      <ProjectRelativeFilePath>ProblemDetailsConfiguration.cs</ProjectRelativeFilePath>
      <IsIgnored>false</IsIgnored>
    </FileLog>
    <FileLog>
      <ProjectId>83e4bee3-d5ba-4c6d-a772-7c141b64c8d4</ProjectId>
      <CorrelationId>Intent.AspNetCore.Swashbuckle.SwashbuckleConfiguration</CorrelationId>
      <OverwriteBehaviour>always</OverwriteBehaviour>
      <ApplicationRelativeFilePath>../../VehiCover/VehiCover.Api/Configuration/SwashbuckleConfiguration.cs</ApplicationRelativeFilePath>
      <ProjectRelativeFilePath>SwashbuckleConfiguration.cs</ProjectRelativeFilePath>
      <IsIgnored>false</IsIgnored>
    </FileLog>
    <FileLog>
      <ProjectId>7fdf8392-8092-417d-85de-db4b4a1a7863</ProjectId>
      <CorrelationId>Intent.AspNetCore.Controllers.Controller#4d6b54b8-f462-40c4-b38e-697466cc9dec</CorrelationId>
      <OverwriteBehaviour>always</OverwriteBehaviour>
      <ApplicationRelativeFilePath>../../VehiCover/VehiCover.Api/Controllers/QuotesController.cs</ApplicationRelativeFilePath>
      <ProjectRelativeFilePath>QuotesController.cs</ProjectRelativeFilePath>
      <IsIgnored>false</IsIgnored>
    </FileLog>
    <FileLog>
      <ProjectId>3af6c669-ef3d-4f0a-a2e2-14116e275de4</ProjectId>
      <CorrelationId>Intent.AspNetCore.Controllers.JsonResponse</CorrelationId>
      <OverwriteBehaviour>always</OverwriteBehaviour>
      <ApplicationRelativeFilePath>../../VehiCover/VehiCover.Api/Controllers/ResponseTypes/JsonResponse.cs</ApplicationRelativeFilePath>
      <ProjectRelativeFilePath>JsonResponse.cs</ProjectRelativeFilePath>
      <IsIgnored>false</IsIgnored>
    </FileLog>
    <FileLog>
      <ProjectId>277ed0ea-dad2-4468-a58f-22843f13afbb</ProjectId>
      <CorrelationId>Intent.AspNetCore.Swashbuckle.Security.AuthorizeCheckOperationFilter</CorrelationId>
      <OverwriteBehaviour>always</OverwriteBehaviour>
      <ApplicationRelativeFilePath>../../VehiCover/VehiCover.Api/Filters/AuthorizeCheckOperationFilter.cs</ApplicationRelativeFilePath>
      <ProjectRelativeFilePath>AuthorizeCheckOperationFilter.cs</ProjectRelativeFilePath>
      <IsIgnored>false</IsIgnored>
    </FileLog>
    <FileLog>
      <ProjectId>277ed0ea-dad2-4468-a58f-22843f13afbb</ProjectId>
      <CorrelationId>Intent.AspNetCore.Controllers.ExceptionFilter</CorrelationId>
      <OverwriteBehaviour>always</OverwriteBehaviour>
      <ApplicationRelativeFilePath>../../VehiCover/VehiCover.Api/Filters/ExceptionFilter.cs</ApplicationRelativeFilePath>
      <ProjectRelativeFilePath>ExceptionFilter.cs</ProjectRelativeFilePath>
      <IsIgnored>false</IsIgnored>
    </FileLog>
    <FileLog>
      <ProjectId>277ed0ea-dad2-4468-a58f-22843f13afbb</ProjectId>
      <CorrelationId>Intent.AspNetCore.Swashbuckle.TypeSchemaFilter</CorrelationId>
      <OverwriteBehaviour>always</OverwriteBehaviour>
      <ApplicationRelativeFilePath>../../VehiCover/VehiCover.Api/Filters/TypeSchemaFilter.cs</ApplicationRelativeFilePath>
      <ProjectRelativeFilePath>TypeSchemaFilter.cs</ProjectRelativeFilePath>
      <IsIgnored>false</IsIgnored>
    </FileLog>
    <FileLog>
      <ProjectId>f0c5e4aa-c7c5-4ba6-af3c-dad6ed956f58</ProjectId>
      <CorrelationId>Intent.AspNetCore.Program</CorrelationId>
      <OverwriteBehaviour>always</OverwriteBehaviour>
      <ApplicationRelativeFilePath>../../VehiCover/VehiCover.Api/Program.cs</ApplicationRelativeFilePath>
      <ProjectRelativeFilePath>Program.cs</ProjectRelativeFilePath>
      <IsIgnored>false</IsIgnored>
    </FileLog>
    <FileLog>
      <ProjectId>f0c5e4aa-c7c5-4ba6-af3c-dad6ed956f58</ProjectId>
      <CorrelationId>Intent.VisualStudio.Projects.CoreWeb.LaunchSettings#f0c5e4aa-c7c5-4ba6-af3c-dad6ed956f58</CorrelationId>
      <OverwriteBehaviour>always</OverwriteBehaviour>
      <ApplicationRelativeFilePath>../../VehiCover/VehiCover.Api/Properties/launchSettings.json</ApplicationRelativeFilePath>
      <ProjectRelativeFilePath>Properties/launchSettings.json</ProjectRelativeFilePath>
      <IsIgnored>false</IsIgnored>
    </FileLog>
    <FileLog>
      <ProjectId>9cc71431-589b-40d7-9da1-93d2a1762a12</ProjectId>
      <CorrelationId>Intent.Application.Identity.CurrentUserService</CorrelationId>
      <OverwriteBehaviour>always</OverwriteBehaviour>
      <ApplicationRelativeFilePath>../../VehiCover/VehiCover.Api/Services/CurrentUserService.cs</ApplicationRelativeFilePath>
      <ProjectRelativeFilePath>CurrentUserService.cs</ProjectRelativeFilePath>
      <IsIgnored>false</IsIgnored>
    </FileLog>
    <FileLog>
      <ProjectId>f0c5e4aa-c7c5-4ba6-af3c-dad6ed956f58</ProjectId>
      <CorrelationId>Intent.VisualStudio.Projects.CSharpProject#f0c5e4aa-c7c5-4ba6-af3c-dad6ed956f58</CorrelationId>
      <OverwriteBehaviour>always</OverwriteBehaviour>
      <ApplicationRelativeFilePath>../../VehiCover/VehiCover.Api/VehiCover.Api.csproj</ApplicationRelativeFilePath>
      <ProjectRelativeFilePath>VehiCover.Api.csproj</ProjectRelativeFilePath>
      <IsIgnored>false</IsIgnored>
    </FileLog>
    <FileLog>
      <ProjectId>89e4c0e4-b8b4-418f-af34-56d2f86ee876</ProjectId>
      <CorrelationId>Intent.Application.MediatR.Behaviours.AuthorizationBehaviour</CorrelationId>
      <OverwriteBehaviour>always</OverwriteBehaviour>
      <ApplicationRelativeFilePath>../../VehiCover/VehiCover.Application/Common/Behaviours/AuthorizationBehaviour.cs</ApplicationRelativeFilePath>
      <ProjectRelativeFilePath>AuthorizationBehaviour.cs</ProjectRelativeFilePath>
      <IsIgnored>false</IsIgnored>
    </FileLog>
    <FileLog>
      <ProjectId>89e4c0e4-b8b4-418f-af34-56d2f86ee876</ProjectId>
      <CorrelationId>Intent.Application.MediatR.Behaviours.LoggingBehaviour</CorrelationId>
      <OverwriteBehaviour>always</OverwriteBehaviour>
      <ApplicationRelativeFilePath>../../VehiCover/VehiCover.Application/Common/Behaviours/LoggingBehaviour.cs</ApplicationRelativeFilePath>
      <ProjectRelativeFilePath>LoggingBehaviour.cs</ProjectRelativeFilePath>
      <IsIgnored>false</IsIgnored>
    </FileLog>
    <FileLog>
      <ProjectId>89e4c0e4-b8b4-418f-af34-56d2f86ee876</ProjectId>
      <CorrelationId>Intent.Application.MediatR.Behaviours.PerformanceBehaviour</CorrelationId>
      <OverwriteBehaviour>always</OverwriteBehaviour>
      <ApplicationRelativeFilePath>../../VehiCover/VehiCover.Application/Common/Behaviours/PerformanceBehaviour.cs</ApplicationRelativeFilePath>
      <ProjectRelativeFilePath>PerformanceBehaviour.cs</ProjectRelativeFilePath>
      <IsIgnored>false</IsIgnored>
    </FileLog>
    <FileLog>
      <ProjectId>89e4c0e4-b8b4-418f-af34-56d2f86ee876</ProjectId>
      <CorrelationId>Intent.Application.MediatR.Behaviours.UnhandledExceptionBehaviour</CorrelationId>
      <OverwriteBehaviour>always</OverwriteBehaviour>
      <ApplicationRelativeFilePath>../../VehiCover/VehiCover.Application/Common/Behaviours/UnhandledExceptionBehaviour.cs</ApplicationRelativeFilePath>
      <ProjectRelativeFilePath>UnhandledExceptionBehaviour.cs</ProjectRelativeFilePath>
      <IsIgnored>false</IsIgnored>
    </FileLog>
    <FileLog>
      <ProjectId>89e4c0e4-b8b4-418f-af34-56d2f86ee876</ProjectId>
      <CorrelationId>Intent.Application.MediatR.Behaviours.UnitOfWorkBehaviour</CorrelationId>
      <OverwriteBehaviour>always</OverwriteBehaviour>
      <ApplicationRelativeFilePath>../../VehiCover/VehiCover.Application/Common/Behaviours/UnitOfWorkBehaviour.cs</ApplicationRelativeFilePath>
      <ProjectRelativeFilePath>UnitOfWorkBehaviour.cs</ProjectRelativeFilePath>
      <IsIgnored>false</IsIgnored>
    </FileLog>
    <FileLog>
      <ProjectId>89e4c0e4-b8b4-418f-af34-56d2f86ee876</ProjectId>
      <CorrelationId>Intent.Application.MediatR.FluentValidation.ValidationBehaviour</CorrelationId>
      <OverwriteBehaviour>always</OverwriteBehaviour>
      <ApplicationRelativeFilePath>../../VehiCover/VehiCover.Application/Common/Behaviours/ValidationBehaviour.cs</ApplicationRelativeFilePath>
      <ProjectRelativeFilePath>ValidationBehaviour.cs</ProjectRelativeFilePath>
      <IsIgnored>false</IsIgnored>
    </FileLog>
    <FileLog>
      <ProjectId>07afe088-d09c-464b-9683-67cc658378ce</ProjectId>
      <CorrelationId>Intent.Application.Identity.ForbiddenAccessException</CorrelationId>
      <OverwriteBehaviour>always</OverwriteBehaviour>
      <ApplicationRelativeFilePath>../../VehiCover/VehiCover.Application/Common/Exceptions/ForbiddenAccessException.cs</ApplicationRelativeFilePath>
      <ProjectRelativeFilePath>ForbiddenAccessException.cs</ProjectRelativeFilePath>
      <IsIgnored>false</IsIgnored>
    </FileLog>
    <FileLog>
      <ProjectId>5b84c809-c73b-4106-ba5c-8f22bf96c600</ProjectId>
      <CorrelationId>Intent.Application.MediatR.CommandInterface</CorrelationId>
      <OverwriteBehaviour>always</OverwriteBehaviour>
      <ApplicationRelativeFilePath>../../VehiCover/VehiCover.Application/Common/Interfaces/ICommand.cs</ApplicationRelativeFilePath>
      <ProjectRelativeFilePath>ICommand.cs</ProjectRelativeFilePath>
      <IsIgnored>false</IsIgnored>
    </FileLog>
    <FileLog>
      <ProjectId>5b84c809-c73b-4106-ba5c-8f22bf96c600</ProjectId>
      <CorrelationId>Intent.Application.Identity.CurrentUserServiceInterface</CorrelationId>
      <OverwriteBehaviour>always</OverwriteBehaviour>
      <ApplicationRelativeFilePath>../../VehiCover/VehiCover.Application/Common/Interfaces/ICurrentUserService.cs</ApplicationRelativeFilePath>
      <ProjectRelativeFilePath>ICurrentUserService.cs</ProjectRelativeFilePath>
      <IsIgnored>false</IsIgnored>
    </FileLog>
    <FileLog>
      <ProjectId>5b84c809-c73b-4106-ba5c-8f22bf96c600</ProjectId>
      <CorrelationId>Intent.DomainEvents.DomainEventServiceInterface</CorrelationId>
      <OverwriteBehaviour>always</OverwriteBehaviour>
      <ApplicationRelativeFilePath>../../VehiCover/VehiCover.Application/Common/Interfaces/IDomainEventService.cs</ApplicationRelativeFilePath>
      <ProjectRelativeFilePath>IDomainEventService.cs</ProjectRelativeFilePath>
      <IsIgnored>false</IsIgnored>
    </FileLog>
    <FileLog>
      <ProjectId>5b84c809-c73b-4106-ba5c-8f22bf96c600</ProjectId>
      <CorrelationId>Intent.Application.MediatR.QueryInterface</CorrelationId>
      <OverwriteBehaviour>always</OverwriteBehaviour>
      <ApplicationRelativeFilePath>../../VehiCover/VehiCover.Application/Common/Interfaces/IQuery.cs</ApplicationRelativeFilePath>
      <ProjectRelativeFilePath>IQuery.cs</ProjectRelativeFilePath>
      <IsIgnored>false</IsIgnored>
    </FileLog>
    <FileLog>
      <ProjectId>0f2a1526-1a14-4762-8242-1dd59820b39b</ProjectId>
      <CorrelationId>Intent.Application.AutoMapper.MapFromInterface</CorrelationId>
      <OverwriteBehaviour>always</OverwriteBehaviour>
      <ApplicationRelativeFilePath>../../VehiCover/VehiCover.Application/Common/Mappings/IMapFrom.cs</ApplicationRelativeFilePath>
      <ProjectRelativeFilePath>IMapFrom.cs</ProjectRelativeFilePath>
      <IsIgnored>false</IsIgnored>
    </FileLog>
    <FileLog>
      <ProjectId>0f2a1526-1a14-4762-8242-1dd59820b39b</ProjectId>
      <CorrelationId>Intent.Application.AutoMapper.MappingProfile</CorrelationId>
      <OverwriteBehaviour>always</OverwriteBehaviour>
      <ApplicationRelativeFilePath>../../VehiCover/VehiCover.Application/Common/Mappings/MappingProfile.cs</ApplicationRelativeFilePath>
      <ProjectRelativeFilePath>MappingProfile.cs</ProjectRelativeFilePath>
      <IsIgnored>false</IsIgnored>
    </FileLog>
    <FileLog>
      <ProjectId>fe36ed8a-4ebe-43b8-baee-f1e906cde579</ProjectId>
      <CorrelationId>Intent.MediatR.DomainEvents.DomainEventNotification</CorrelationId>
      <OverwriteBehaviour>always</OverwriteBehaviour>
      <ApplicationRelativeFilePath>../../VehiCover/VehiCover.Application/Common/Models/DomainEventNotification.cs</ApplicationRelativeFilePath>
      <ProjectRelativeFilePath>DomainEventNotification.cs</ProjectRelativeFilePath>
      <IsIgnored>false</IsIgnored>
    </FileLog>
    <FileLog>
      <ProjectId>fe36ed8a-4ebe-43b8-baee-f1e906cde579</ProjectId>
      <CorrelationId>Intent.Application.Identity.ResultModel</CorrelationId>
      <OverwriteBehaviour>always</OverwriteBehaviour>
      <ApplicationRelativeFilePath>../../VehiCover/VehiCover.Application/Common/Models/Result.cs</ApplicationRelativeFilePath>
      <ProjectRelativeFilePath>Result.cs</ProjectRelativeFilePath>
      <IsIgnored>false</IsIgnored>
    </FileLog>
    <FileLog>
      <ProjectId>3f598a34-96d7-4bbe-b89e-2e9a2ff26dd9</ProjectId>
      <CorrelationId>Intent.EntityFrameworkCore.PagedList</CorrelationId>
      <OverwriteBehaviour>always</OverwriteBehaviour>
      <ApplicationRelativeFilePath>../../VehiCover/VehiCover.Application/Common/Pagination/PagedList.cs</ApplicationRelativeFilePath>
      <ProjectRelativeFilePath>PagedList.cs</ProjectRelativeFilePath>
      <IsIgnored>false</IsIgnored>
    </FileLog>
    <FileLog>
      <ProjectId>3f598a34-96d7-4bbe-b89e-2e9a2ff26dd9</ProjectId>
      <CorrelationId>Intent.Application.Dtos.Pagination.PagedResult</CorrelationId>
      <OverwriteBehaviour>always</OverwriteBehaviour>
      <ApplicationRelativeFilePath>../../VehiCover/VehiCover.Application/Common/Pagination/PagedResult.cs</ApplicationRelativeFilePath>
      <ProjectRelativeFilePath>PagedResult.cs</ProjectRelativeFilePath>
      <IsIgnored>false</IsIgnored>
    </FileLog>
    <FileLog>
      <ProjectId>3f598a34-96d7-4bbe-b89e-2e9a2ff26dd9</ProjectId>
      <CorrelationId>Intent.Application.Dtos.Pagination.PagedResultMappingExtensions</CorrelationId>
      <OverwriteBehaviour>always</OverwriteBehaviour>
      <ApplicationRelativeFilePath>../../VehiCover/VehiCover.Application/Common/Pagination/PagedResultMappingExtensions.cs</ApplicationRelativeFilePath>
      <ProjectRelativeFilePath>PagedResultMappingExtensions.cs</ProjectRelativeFilePath>
      <IsIgnored>false</IsIgnored>
    </FileLog>
    <FileLog>
      <ProjectId>12d6f9cb-c9ef-4e4d-b5ce-ec45822e8a5e</ProjectId>
      <CorrelationId>Intent.Application.Identity.AuthorizeAttribute</CorrelationId>
      <OverwriteBehaviour>always</OverwriteBehaviour>
      <ApplicationRelativeFilePath>../../VehiCover/VehiCover.Application/Common/Security/AuthorizeAttribute.cs</ApplicationRelativeFilePath>
      <ProjectRelativeFilePath>AuthorizeAttribute.cs</ProjectRelativeFilePath>
      <IsIgnored>false</IsIgnored>
    </FileLog>
    <FileLog>
      <ProjectId>183612fd-0495-4c4a-9223-1c3296af012c</ProjectId>
      <CorrelationId>Intent.Application.FluentValidation.Dtos.ValidationServiceInterface</CorrelationId>
      <OverwriteBehaviour>always</OverwriteBehaviour>
      <ApplicationRelativeFilePath>../../VehiCover/VehiCover.Application/Common/Validation/IValidationService.cs</ApplicationRelativeFilePath>
      <ProjectRelativeFilePath>IValidationService.cs</ProjectRelativeFilePath>
      <IsIgnored>false</IsIgnored>
    </FileLog>
    <FileLog>
      <ProjectId>183612fd-0495-4c4a-9223-1c3296af012c</ProjectId>
      <CorrelationId>Intent.Application.FluentValidation.Dtos.ValidatorProviderInterface</CorrelationId>
      <OverwriteBehaviour>always</OverwriteBehaviour>
      <ApplicationRelativeFilePath>../../VehiCover/VehiCover.Application/Common/Validation/IValidatorProvider.cs</ApplicationRelativeFilePath>
      <ProjectRelativeFilePath>IValidatorProvider.cs</ProjectRelativeFilePath>
      <IsIgnored>false</IsIgnored>
    </FileLog>
    <FileLog>
      <ProjectId>183612fd-0495-4c4a-9223-1c3296af012c</ProjectId>
      <CorrelationId>Intent.Application.FluentValidation.Dtos.ValidationService</CorrelationId>
      <OverwriteBehaviour>always</OverwriteBehaviour>
      <ApplicationRelativeFilePath>../../VehiCover/VehiCover.Application/Common/Validation/ValidationService.cs</ApplicationRelativeFilePath>
      <ProjectRelativeFilePath>ValidationService.cs</ProjectRelativeFilePath>
      <IsIgnored>false</IsIgnored>
    </FileLog>
    <FileLog>
      <ProjectId>183612fd-0495-4c4a-9223-1c3296af012c</ProjectId>
      <CorrelationId>Intent.Application.FluentValidation.Dtos.ValidatorProvider</CorrelationId>
      <OverwriteBehaviour>always</OverwriteBehaviour>
      <ApplicationRelativeFilePath>../../VehiCover/VehiCover.Application/Common/Validation/ValidatorProvider.cs</ApplicationRelativeFilePath>
      <ProjectRelativeFilePath>ValidatorProvider.cs</ProjectRelativeFilePath>
      <IsIgnored>false</IsIgnored>
    </FileLog>
    <FileLog>
      <ProjectId>1217debc-0214-4c64-a3fb-e4d01bfdcdf5</ProjectId>
      <CorrelationId>Intent.Application.DependencyInjection.DependencyInjection</CorrelationId>
      <OverwriteBehaviour>always</OverwriteBehaviour>
      <ApplicationRelativeFilePath>../../VehiCover/VehiCover.Application/DependencyInjection.cs</ApplicationRelativeFilePath>
      <ProjectRelativeFilePath>DependencyInjection.cs</ProjectRelativeFilePath>
      <IsIgnored>false</IsIgnored>
    </FileLog>
    <FileLog>
      <ProjectId>32cb67d0-f4b5-4f94-8897-40660c486120</ProjectId>
      <CorrelationId>Intent.Application.ServiceImplementations.ServiceImplementation#4d6b54b8-f462-40c4-b38e-697466cc9dec</CorrelationId>
      <OverwriteBehaviour>always</OverwriteBehaviour>
      <ApplicationRelativeFilePath>../../VehiCover/VehiCover.Application/Implementation/QuotesService.cs</ApplicationRelativeFilePath>
      <ProjectRelativeFilePath>QuotesService.cs</ProjectRelativeFilePath>
      <IsIgnored>false</IsIgnored>
    </FileLog>
    <FileLog>
      <ProjectId>d965ab1f-b048-4701-a0ad-5c16856ff193</ProjectId>
      <CorrelationId>Intent.Application.Contracts.ServiceContract#4d6b54b8-f462-40c4-b38e-697466cc9dec</CorrelationId>
      <OverwriteBehaviour>always</OverwriteBehaviour>
      <ApplicationRelativeFilePath>../../VehiCover/VehiCover.Application/Interfaces/IQuotesService.cs</ApplicationRelativeFilePath>
      <ProjectRelativeFilePath>IQuotesService.cs</ProjectRelativeFilePath>
      <IsIgnored>false</IsIgnored>
    </FileLog>
    <FileLog>
      <ProjectId>1217debc-0214-4c64-a3fb-e4d01bfdcdf5</ProjectId>
      <CorrelationId>Intent.Application.Dtos.DtoModel#d3c12604-5ce5-4bdf-a5b7-cf01913e469e</CorrelationId>
      <OverwriteBehaviour>always</OverwriteBehaviour>
      <ApplicationRelativeFilePath>../../VehiCover/VehiCover.Application/Quotes/QuoteCreateDto.cs</ApplicationRelativeFilePath>
      <ProjectRelativeFilePath>Quotes/QuoteCreateDto.cs</ProjectRelativeFilePath>
      <IsIgnored>false</IsIgnored>
    </FileLog>
    <FileLog>
      <ProjectId>1217debc-0214-4c64-a3fb-e4d01bfdcdf5</ProjectId>
      <CorrelationId>Intent.Application.FluentValidation.Dtos.DTOValidator#d3c12604-5ce5-4bdf-a5b7-cf01913e469e</CorrelationId>
      <OverwriteBehaviour>always</OverwriteBehaviour>
      <ApplicationRelativeFilePath>../../VehiCover/VehiCover.Application/Quotes/QuoteCreateDtoValidator.cs</ApplicationRelativeFilePath>
      <ProjectRelativeFilePath>Quotes/QuoteCreateDtoValidator.cs</ProjectRelativeFilePath>
      <IsIgnored>false</IsIgnored>
    </FileLog>
    <FileLog>
      <ProjectId>1217debc-0214-4c64-a3fb-e4d01bfdcdf5</ProjectId>
      <CorrelationId>Intent.Application.Dtos.DtoModel#0edba7de-0851-4544-9ed3-72bdf811d4a6</CorrelationId>
      <OverwriteBehaviour>always</OverwriteBehaviour>
      <ApplicationRelativeFilePath>../../VehiCover/VehiCover.Application/Quotes/QuoteDto.cs</ApplicationRelativeFilePath>
      <ProjectRelativeFilePath>Quotes/QuoteDto.cs</ProjectRelativeFilePath>
      <IsIgnored>false</IsIgnored>
    </FileLog>
    <FileLog>
      <ProjectId>1217debc-0214-4c64-a3fb-e4d01bfdcdf5</ProjectId>
      <CorrelationId>Intent.Application.Dtos.AutoMapper.MappingExtensions#0edba7de-0851-4544-9ed3-72bdf811d4a6</CorrelationId>
      <OverwriteBehaviour>always</OverwriteBehaviour>
      <ApplicationRelativeFilePath>../../VehiCover/VehiCover.Application/Quotes/QuoteDtoMappingExtensions.cs</ApplicationRelativeFilePath>
      <ProjectRelativeFilePath>Quotes/QuoteDtoMappingExtensions.cs</ProjectRelativeFilePath>
      <IsIgnored>false</IsIgnored>
    </FileLog>
    <FileLog>
      <ProjectId>1217debc-0214-4c64-a3fb-e4d01bfdcdf5</ProjectId>
      <CorrelationId>Intent.Application.Dtos.DtoModel#be66d90d-e103-4873-9c3b-e00d9a5c7fe4</CorrelationId>
      <OverwriteBehaviour>always</OverwriteBehaviour>
      <ApplicationRelativeFilePath>../../VehiCover/VehiCover.Application/Quotes/QuoteUpdateDto.cs</ApplicationRelativeFilePath>
      <ProjectRelativeFilePath>Quotes/QuoteUpdateDto.cs</ProjectRelativeFilePath>
      <IsIgnored>false</IsIgnored>
    </FileLog>
    <FileLog>
      <ProjectId>1217debc-0214-4c64-a3fb-e4d01bfdcdf5</ProjectId>
      <CorrelationId>Intent.Application.FluentValidation.Dtos.DTOValidator#be66d90d-e103-4873-9c3b-e00d9a5c7fe4</CorrelationId>
      <OverwriteBehaviour>always</OverwriteBehaviour>
      <ApplicationRelativeFilePath>../../VehiCover/VehiCover.Application/Quotes/QuoteUpdateDtoValidator.cs</ApplicationRelativeFilePath>
      <ProjectRelativeFilePath>Quotes/QuoteUpdateDtoValidator.cs</ProjectRelativeFilePath>
      <IsIgnored>false</IsIgnored>
    </FileLog>
    <FileLog>
      <ProjectId>1217debc-0214-4c64-a3fb-e4d01bfdcdf5</ProjectId>
      <CorrelationId>Intent.VisualStudio.Projects.CSharpProject#1217debc-0214-4c64-a3fb-e4d01bfdcdf5</CorrelationId>
      <OverwriteBehaviour>always</OverwriteBehaviour>
      <ApplicationRelativeFilePath>../../VehiCover/VehiCover.Application/VehiCover.Application.csproj</ApplicationRelativeFilePath>
      <ProjectRelativeFilePath>VehiCover.Application.csproj</ProjectRelativeFilePath>
      <IsIgnored>false</IsIgnored>
    </FileLog>
    <FileLog>
      <ProjectId>cc4ef4d3-8932-457c-9549-203980aee599</ProjectId>
      <CorrelationId>Intent.Entities.CollectionExtensions</CorrelationId>
      <OverwriteBehaviour>always</OverwriteBehaviour>
      <ApplicationRelativeFilePath>../../VehiCover/VehiCover.Domain/Common/CollectionExtensions.cs</ApplicationRelativeFilePath>
      <ProjectRelativeFilePath>CollectionExtensions.cs</ProjectRelativeFilePath>
      <IsIgnored>false</IsIgnored>
    </FileLog>
    <FileLog>
      <ProjectId>cc4ef4d3-8932-457c-9549-203980aee599</ProjectId>
      <CorrelationId>Intent.DomainEvents.DomainEventBase</CorrelationId>
      <OverwriteBehaviour>always</OverwriteBehaviour>
      <ApplicationRelativeFilePath>../../VehiCover/VehiCover.Domain/Common/DomainEvent.cs</ApplicationRelativeFilePath>
      <ProjectRelativeFilePath>DomainEvent.cs</ProjectRelativeFilePath>
      <IsIgnored>false</IsIgnored>
    </FileLog>
    <FileLog>
      <ProjectId>627be84b-51c2-405e-a299-ae6063ea6869</ProjectId>
      <CorrelationId>Intent.Entities.NotFoundException</CorrelationId>
      <OverwriteBehaviour>always</OverwriteBehaviour>
      <ApplicationRelativeFilePath>../../VehiCover/VehiCover.Domain/Common/Exceptions/NotFoundException.cs</ApplicationRelativeFilePath>
      <ProjectRelativeFilePath>NotFoundException.cs</ProjectRelativeFilePath>
      <IsIgnored>false</IsIgnored>
    </FileLog>
    <FileLog>
      <ProjectId>cc4ef4d3-8932-457c-9549-203980aee599</ProjectId>
      <CorrelationId>Intent.DomainEvents.HasDomainEventInterface</CorrelationId>
      <OverwriteBehaviour>always</OverwriteBehaviour>
      <ApplicationRelativeFilePath>../../VehiCover/VehiCover.Domain/Common/IHasDomainEvent.cs</ApplicationRelativeFilePath>
      <ProjectRelativeFilePath>IHasDomainEvent.cs</ProjectRelativeFilePath>
      <IsIgnored>false</IsIgnored>
    </FileLog>
    <FileLog>
      <ProjectId>3e2e4cae-3483-491f-a96a-56358840f62b</ProjectId>
      <CorrelationId>Intent.Entities.Repositories.Api.UnitOfWorkInterface</CorrelationId>
      <OverwriteBehaviour>always</OverwriteBehaviour>
      <ApplicationRelativeFilePath>../../VehiCover/VehiCover.Domain/Common/Interfaces/IUnitOfWork.cs</ApplicationRelativeFilePath>
      <ProjectRelativeFilePath>IUnitOfWork.cs</ProjectRelativeFilePath>
      <IsIgnored>false</IsIgnored>
    </FileLog>
    <FileLog>
      <ProjectId>cc4ef4d3-8932-457c-9549-203980aee599</ProjectId>
      <CorrelationId>Intent.Entities.UpdateHelper</CorrelationId>
      <OverwriteBehaviour>always</OverwriteBehaviour>
      <ApplicationRelativeFilePath>../../VehiCover/VehiCover.Domain/Common/UpdateHelper.cs</ApplicationRelativeFilePath>
      <ProjectRelativeFilePath>UpdateHelper.cs</ProjectRelativeFilePath>
      <IsIgnored>false</IsIgnored>
    </FileLog>
    <FileLog>
      <ProjectId>101225c6-6c7e-4b38-80c4-a903701532aa</ProjectId>
      <CorrelationId>Intent.Entities.DomainEntity#ff2e6259-7e7d-47ca-b5a4-b834b80cfe9d</CorrelationId>
      <OverwriteBehaviour>always</OverwriteBehaviour>
      <ApplicationRelativeFilePath>../../VehiCover/VehiCover.Domain/Entities/Quote.cs</ApplicationRelativeFilePath>
      <ProjectRelativeFilePath>Quote.cs</ProjectRelativeFilePath>
      <IsIgnored>false</IsIgnored>
    </FileLog>
    <FileLog>
      <ProjectId>26fec026-962b-4dea-af4b-c6610c0c7f22</ProjectId>
      <CorrelationId>Intent.EntityFrameworkCore.Repositories.EFRepositoryInterface</CorrelationId>
      <OverwriteBehaviour>always</OverwriteBehaviour>
      <ApplicationRelativeFilePath>../../VehiCover/VehiCover.Domain/Repositories/IEFRepository.cs</ApplicationRelativeFilePath>
      <ProjectRelativeFilePath>IEFRepository.cs</ProjectRelativeFilePath>
      <IsIgnored>false</IsIgnored>
    </FileLog>
    <FileLog>
      <ProjectId>26fec026-962b-4dea-af4b-c6610c0c7f22</ProjectId>
      <CorrelationId>Intent.Entities.Repositories.Api.PagedListInterface</CorrelationId>
      <OverwriteBehaviour>always</OverwriteBehaviour>
      <ApplicationRelativeFilePath>../../VehiCover/VehiCover.Domain/Repositories/IPagedList.cs</ApplicationRelativeFilePath>
      <ProjectRelativeFilePath>IPagedList.cs</ProjectRelativeFilePath>
      <IsIgnored>false</IsIgnored>
    </FileLog>
    <FileLog>
      <ProjectId>26fec026-962b-4dea-af4b-c6610c0c7f22</ProjectId>
      <CorrelationId>Intent.Entities.Repositories.Api.EntityRepositoryInterface#ff2e6259-7e7d-47ca-b5a4-b834b80cfe9d</CorrelationId>
      <OverwriteBehaviour>always</OverwriteBehaviour>
      <ApplicationRelativeFilePath>../../VehiCover/VehiCover.Domain/Repositories/IQuoteRepository.cs</ApplicationRelativeFilePath>
      <ProjectRelativeFilePath>IQuoteRepository.cs</ProjectRelativeFilePath>
      <IsIgnored>false</IsIgnored>
    </FileLog>
    <FileLog>
      <ProjectId>26fec026-962b-4dea-af4b-c6610c0c7f22</ProjectId>
      <CorrelationId>Intent.Entities.Repositories.Api.RepositoryInterface</CorrelationId>
      <OverwriteBehaviour>always</OverwriteBehaviour>
      <ApplicationRelativeFilePath>../../VehiCover/VehiCover.Domain/Repositories/IRepository.cs</ApplicationRelativeFilePath>
      <ProjectRelativeFilePath>IRepository.cs</ProjectRelativeFilePath>
      <IsIgnored>false</IsIgnored>
    </FileLog>
    <FileLog>
      <ProjectId>4dab7fb8-c6f5-4f15-b1e0-123187976622</ProjectId>
      <CorrelationId>Intent.VisualStudio.Projects.CSharpProject#4dab7fb8-c6f5-4f15-b1e0-123187976622</CorrelationId>
      <OverwriteBehaviour>always</OverwriteBehaviour>
      <ApplicationRelativeFilePath>../../VehiCover/VehiCover.Domain/VehiCover.Domain.csproj</ApplicationRelativeFilePath>
      <ProjectRelativeFilePath>VehiCover.Domain.csproj</ProjectRelativeFilePath>
      <IsIgnored>false</IsIgnored>
    </FileLog>
    <FileLog>
      <ProjectId>1a0aab55-9700-4099-996d-ef9f59aa77f3</ProjectId>
      <CorrelationId>Intent.Infrastructure.DependencyInjection.DependencyInjection</CorrelationId>
      <OverwriteBehaviour>always</OverwriteBehaviour>
      <ApplicationRelativeFilePath>../../VehiCover/VehiCover.Infrastructure/DependencyInjection.cs</ApplicationRelativeFilePath>
      <ProjectRelativeFilePath>DependencyInjection.cs</ProjectRelativeFilePath>
      <IsIgnored>false</IsIgnored>
    </FileLog>
    <FileLog>
      <ProjectId>0d7a5fe2-062e-456a-b842-0ad7cd1c0251</ProjectId>
      <CorrelationId>Intent.EntityFrameworkCore.DbContext#DefaultConnection</CorrelationId>
      <OverwriteBehaviour>always</OverwriteBehaviour>
      <ApplicationRelativeFilePath>../../VehiCover/VehiCover.Infrastructure/Persistence/ApplicationDbContext.cs</ApplicationRelativeFilePath>
      <ProjectRelativeFilePath>ApplicationDbContext.cs</ProjectRelativeFilePath>
      <IsIgnored>false</IsIgnored>
    </FileLog>
    <FileLog>
      <ProjectId>403200e9-9ec0-48ce-89d7-4a4c4e3bdbd0</ProjectId>
      <CorrelationId>Intent.EntityFrameworkCore.EntityTypeConfiguration#ff2e6259-7e7d-47ca-b5a4-b834b80cfe9d</CorrelationId>
      <OverwriteBehaviour>always</OverwriteBehaviour>
      <ApplicationRelativeFilePath>../../VehiCover/VehiCover.Infrastructure/Persistence/Configurations/QuoteConfiguration.cs</ApplicationRelativeFilePath>
      <ProjectRelativeFilePath>QuoteConfiguration.cs</ProjectRelativeFilePath>
      <IsIgnored>false</IsIgnored>
    </FileLog>
    <FileLog>
      <ProjectId>0d7a5fe2-062e-456a-b842-0ad7cd1c0251</ProjectId>
      <CorrelationId>Intent.EntityFrameworkCore.DbMigrationsReadMe</CorrelationId>
      <OverwriteBehaviour>always</OverwriteBehaviour>
      <ApplicationRelativeFilePath>../../VehiCover/VehiCover.Infrastructure/Persistence/MIGRATION_README.txt</ApplicationRelativeFilePath>
      <ProjectRelativeFilePath>MIGRATION_README.txt</ProjectRelativeFilePath>
      <IsIgnored>false</IsIgnored>
    </FileLog>
    <FileLog>
      <ProjectId>5421bf22-f481-4dce-87ff-ebc3861568ce</ProjectId>
      <CorrelationId>Intent.EntityFrameworkCore.Repositories.Repository#ff2e6259-7e7d-47ca-b5a4-b834b80cfe9d</CorrelationId>
      <OverwriteBehaviour>always</OverwriteBehaviour>
      <ApplicationRelativeFilePath>../../VehiCover/VehiCover.Infrastructure/Repositories/QuoteRepository.cs</ApplicationRelativeFilePath>
      <ProjectRelativeFilePath>QuoteRepository.cs</ProjectRelativeFilePath>
      <IsIgnored>false</IsIgnored>
    </FileLog>
    <FileLog>
      <ProjectId>5421bf22-f481-4dce-87ff-ebc3861568ce</ProjectId>
      <CorrelationId>Intent.EntityFrameworkCore.Repositories.RepositoryBase</CorrelationId>
      <OverwriteBehaviour>always</OverwriteBehaviour>
      <ApplicationRelativeFilePath>../../VehiCover/VehiCover.Infrastructure/Repositories/RepositoryBase.cs</ApplicationRelativeFilePath>
      <ProjectRelativeFilePath>RepositoryBase.cs</ProjectRelativeFilePath>
      <IsIgnored>false</IsIgnored>
    </FileLog>
    <FileLog>
      <ProjectId>00d9f6d0-8e7d-4ab7-9ed9-4a02412378d2</ProjectId>
      <CorrelationId>Intent.MediatR.DomainEvents.DomainEventService</CorrelationId>
      <OverwriteBehaviour>always</OverwriteBehaviour>
      <ApplicationRelativeFilePath>../../VehiCover/VehiCover.Infrastructure/Services/DomainEventService.cs</ApplicationRelativeFilePath>
      <ProjectRelativeFilePath>DomainEventService.cs</ProjectRelativeFilePath>
      <IsIgnored>false</IsIgnored>
    </FileLog>
    <FileLog>
      <ProjectId>1a0aab55-9700-4099-996d-ef9f59aa77f3</ProjectId>
      <CorrelationId>Intent.VisualStudio.Projects.CSharpProject#1a0aab55-9700-4099-996d-ef9f59aa77f3</CorrelationId>
      <OverwriteBehaviour>always</OverwriteBehaviour>
      <ApplicationRelativeFilePath>../../VehiCover/VehiCover.Infrastructure/VehiCover.Infrastructure.csproj</ApplicationRelativeFilePath>
      <ProjectRelativeFilePath>VehiCover.Infrastructure.csproj</ProjectRelativeFilePath>
      <IsIgnored>false</IsIgnored>
    </FileLog>
    <FileLog>
      <CorrelationId>Intent.VisualStudio.Projects.VisualStudioSolution#e579c0ce-17a9-4c4b-8c24-3b58441aaf01</CorrelationId>
      <OverwriteBehaviour>always</OverwriteBehaviour>
      <ApplicationRelativeFilePath>../../VehiCover/VehiCover.sln</ApplicationRelativeFilePath>
      <IsIgnored>false</IsIgnored>
    </FileLog>
  </FileLogs>
</outputLog>