<?xml version="1.0" encoding="utf-8"?>
<outputLog>
  <ApplicationId>45cf8044-19ee-4e5b-bfd4-edb97379d98e</ApplicationId>
  <FileLogs>
    <FileLog>
      <CorrelationId>Intent.VisualStudio.Projects.GitIgnore#d1603c57-8179-4cce-863b-6390068cec0d</CorrelationId>
      <OverwriteBehaviour>overwrite-disabled</OverwriteBehaviour>
      <ApplicationRelativeFilePath>../../InsureIt/.gitignore</ApplicationRelativeFilePath>
      <IsIgnored>false</IsIgnored>
    </FileLog>
    <FileLog>
      <ProjectId>d9354374-f1eb-49a3-b6df-fb0c5cc04824</ProjectId>
      <CorrelationId>Intent.VisualStudio.Projects.CoreWeb.AppSettings-Default#d9354374-f1eb-49a3-b6df-fb0c5cc04824</CorrelationId>
      <OverwriteBehaviour>always</OverwriteBehaviour>
      <ApplicationRelativeFilePath>../../InsureIt/InsureIt.Api/appsettings.json</ApplicationRelativeFilePath>
      <ProjectRelativeFilePath>appsettings.json</ProjectRelativeFilePath>
      <IsIgnored>false</IsIgnored>
    </FileLog>
    <FileLog>
      <ProjectId>2304c4d4-8e16-4d89-b999-b1e9174b2c75</ProjectId>
      <CorrelationId>Intent.AspNetCore.Versioning.ApiVersioningConfiguration</CorrelationId>
      <OverwriteBehaviour>always</OverwriteBehaviour>
      <ApplicationRelativeFilePath>../../InsureIt/InsureIt.Api/Configuration/ApiVersioningConfiguration.cs</ApplicationRelativeFilePath>
      <ProjectRelativeFilePath>ApiVersioningConfiguration.cs</ProjectRelativeFilePath>
      <IsIgnored>false</IsIgnored>
    </FileLog>
    <FileLog>
      <ProjectId>2304c4d4-8e16-4d89-b999-b1e9174b2c75</ProjectId>
      <CorrelationId>Intent.AspNetCore.Versioning.ApiVersionSwaggerGenOptions</CorrelationId>
      <OverwriteBehaviour>always</OverwriteBehaviour>
      <ApplicationRelativeFilePath>../../InsureIt/InsureIt.Api/Configuration/ApiVersionSwaggerGenOptions.cs</ApplicationRelativeFilePath>
      <ProjectRelativeFilePath>ApiVersionSwaggerGenOptions.cs</ProjectRelativeFilePath>
      <IsIgnored>false</IsIgnored>
    </FileLog>
    <FileLog>
      <ProjectId>2304c4d4-8e16-4d89-b999-b1e9174b2c75</ProjectId>
      <CorrelationId>Intent.Application.Identity.ApplicationSecurityConfiguration</CorrelationId>
      <OverwriteBehaviour>always</OverwriteBehaviour>
      <ApplicationRelativeFilePath>../../InsureIt/InsureIt.Api/Configuration/ApplicationSecurityConfiguration.cs</ApplicationRelativeFilePath>
      <ProjectRelativeFilePath>ApplicationSecurityConfiguration.cs</ProjectRelativeFilePath>
      <IsIgnored>false</IsIgnored>
    </FileLog>
    <FileLog>
      <ProjectId>2304c4d4-8e16-4d89-b999-b1e9174b2c75</ProjectId>
      <CorrelationId>Intent.AspNetCore.HealthChecks.HealthChecksConfiguration</CorrelationId>
      <OverwriteBehaviour>always</OverwriteBehaviour>
      <ApplicationRelativeFilePath>../../InsureIt/InsureIt.Api/Configuration/HealthChecksConfiguration.cs</ApplicationRelativeFilePath>
      <ProjectRelativeFilePath>HealthChecksConfiguration.cs</ProjectRelativeFilePath>
      <IsIgnored>false</IsIgnored>
    </FileLog>
    <FileLog>
      <ProjectId>2304c4d4-8e16-4d89-b999-b1e9174b2c75</ProjectId>
      <CorrelationId>Intent.AspNetCore.ProblemDetailsConfiguration</CorrelationId>
      <OverwriteBehaviour>always</OverwriteBehaviour>
      <ApplicationRelativeFilePath>../../InsureIt/InsureIt.Api/Configuration/ProblemDetailsConfiguration.cs</ApplicationRelativeFilePath>
      <ProjectRelativeFilePath>ProblemDetailsConfiguration.cs</ProjectRelativeFilePath>
      <IsIgnored>false</IsIgnored>
    </FileLog>
    <FileLog>
      <ProjectId>2304c4d4-8e16-4d89-b999-b1e9174b2c75</ProjectId>
      <CorrelationId>Intent.AspNetCore.Swashbuckle.SwashbuckleConfiguration</CorrelationId>
      <OverwriteBehaviour>always</OverwriteBehaviour>
      <ApplicationRelativeFilePath>../../InsureIt/InsureIt.Api/Configuration/SwashbuckleConfiguration.cs</ApplicationRelativeFilePath>
      <ProjectRelativeFilePath>SwashbuckleConfiguration.cs</ProjectRelativeFilePath>
      <IsIgnored>false</IsIgnored>
    </FileLog>
    <FileLog>
      <ProjectId>c078addb-c422-4dbe-89cb-c11c89c0d741</ProjectId>
      <CorrelationId>Intent.AspNetCore.Controllers.Controller#0194e17c-8344-400a-aabc-4b43ace80030</CorrelationId>
      <OverwriteBehaviour>always</OverwriteBehaviour>
      <ApplicationRelativeFilePath>../../InsureIt/InsureIt.Api/Controllers/CustomersController.cs</ApplicationRelativeFilePath>
      <ProjectRelativeFilePath>CustomersController.cs</ProjectRelativeFilePath>
      <IsIgnored>false</IsIgnored>
    </FileLog>
    <FileLog>
      <ProjectId>6a1cd264-6dac-4c43-973e-a3f20429fb2a</ProjectId>
      <CorrelationId>Intent.AspNetCore.Controllers.JsonResponse</CorrelationId>
      <OverwriteBehaviour>always</OverwriteBehaviour>
      <ApplicationRelativeFilePath>../../InsureIt/InsureIt.Api/Controllers/ResponseTypes/JsonResponse.cs</ApplicationRelativeFilePath>
      <ProjectRelativeFilePath>JsonResponse.cs</ProjectRelativeFilePath>
      <IsIgnored>false</IsIgnored>
    </FileLog>
    <FileLog>
      <ProjectId>4d81efdc-c678-46bd-9b43-1e53bddab211</ProjectId>
      <CorrelationId>Intent.AspNetCore.Swashbuckle.Security.AuthorizeCheckOperationFilter</CorrelationId>
      <OverwriteBehaviour>always</OverwriteBehaviour>
      <ApplicationRelativeFilePath>../../InsureIt/InsureIt.Api/Filters/AuthorizeCheckOperationFilter.cs</ApplicationRelativeFilePath>
      <ProjectRelativeFilePath>AuthorizeCheckOperationFilter.cs</ProjectRelativeFilePath>
      <IsIgnored>false</IsIgnored>
    </FileLog>
    <FileLog>
      <ProjectId>4d81efdc-c678-46bd-9b43-1e53bddab211</ProjectId>
      <CorrelationId>Intent.AspNetCore.Controllers.ExceptionFilter</CorrelationId>
      <OverwriteBehaviour>always</OverwriteBehaviour>
      <ApplicationRelativeFilePath>../../InsureIt/InsureIt.Api/Filters/ExceptionFilter.cs</ApplicationRelativeFilePath>
      <ProjectRelativeFilePath>ExceptionFilter.cs</ProjectRelativeFilePath>
      <IsIgnored>false</IsIgnored>
    </FileLog>
    <FileLog>
      <ProjectId>4d81efdc-c678-46bd-9b43-1e53bddab211</ProjectId>
      <CorrelationId>Intent.AspNetCore.Swashbuckle.TypeSchemaFilter</CorrelationId>
      <OverwriteBehaviour>always</OverwriteBehaviour>
      <ApplicationRelativeFilePath>../../InsureIt/InsureIt.Api/Filters/TypeSchemaFilter.cs</ApplicationRelativeFilePath>
      <ProjectRelativeFilePath>TypeSchemaFilter.cs</ProjectRelativeFilePath>
      <IsIgnored>false</IsIgnored>
    </FileLog>
    <FileLog>
      <ProjectId>d9354374-f1eb-49a3-b6df-fb0c5cc04824</ProjectId>
      <CorrelationId>Intent.VisualStudio.Projects.CSharpProject#d9354374-f1eb-49a3-b6df-fb0c5cc04824</CorrelationId>
      <OverwriteBehaviour>always</OverwriteBehaviour>
      <ApplicationRelativeFilePath>../../InsureIt/InsureIt.Api/InsureIt.Api.csproj</ApplicationRelativeFilePath>
      <ProjectRelativeFilePath>InsureIt.Api.csproj</ProjectRelativeFilePath>
      <IsIgnored>false</IsIgnored>
    </FileLog>
    <FileLog>
      <ProjectId>d9354374-f1eb-49a3-b6df-fb0c5cc04824</ProjectId>
      <CorrelationId>Intent.AspNetCore.Program</CorrelationId>
      <OverwriteBehaviour>always</OverwriteBehaviour>
      <ApplicationRelativeFilePath>../../InsureIt/InsureIt.Api/Program.cs</ApplicationRelativeFilePath>
      <ProjectRelativeFilePath>Program.cs</ProjectRelativeFilePath>
      <IsIgnored>false</IsIgnored>
    </FileLog>
    <FileLog>
      <ProjectId>d9354374-f1eb-49a3-b6df-fb0c5cc04824</ProjectId>
      <CorrelationId>Intent.VisualStudio.Projects.CoreWeb.LaunchSettings#d9354374-f1eb-49a3-b6df-fb0c5cc04824</CorrelationId>
      <OverwriteBehaviour>always</OverwriteBehaviour>
      <ApplicationRelativeFilePath>../../InsureIt/InsureIt.Api/Properties/launchSettings.json</ApplicationRelativeFilePath>
      <ProjectRelativeFilePath>Properties/launchSettings.json</ProjectRelativeFilePath>
      <IsIgnored>false</IsIgnored>
    </FileLog>
    <FileLog>
      <ProjectId>3a4170b7-d979-46dd-b687-2f59327099e6</ProjectId>
      <CorrelationId>Intent.Application.Identity.CurrentUserService</CorrelationId>
      <OverwriteBehaviour>always</OverwriteBehaviour>
      <ApplicationRelativeFilePath>../../InsureIt/InsureIt.Api/Services/CurrentUserService.cs</ApplicationRelativeFilePath>
      <ProjectRelativeFilePath>CurrentUserService.cs</ProjectRelativeFilePath>
      <IsIgnored>false</IsIgnored>
    </FileLog>
    <FileLog>
      <ProjectId>cb9d04eb-3806-49dc-addb-41de37e7bdb3</ProjectId>
      <CorrelationId>Intent.Application.MediatR.Behaviours.AuthorizationBehaviour</CorrelationId>
      <OverwriteBehaviour>always</OverwriteBehaviour>
      <ApplicationRelativeFilePath>../../InsureIt/InsureIt.Application/Common/Behaviours/AuthorizationBehaviour.cs</ApplicationRelativeFilePath>
      <ProjectRelativeFilePath>AuthorizationBehaviour.cs</ProjectRelativeFilePath>
      <IsIgnored>false</IsIgnored>
    </FileLog>
    <FileLog>
      <ProjectId>cb9d04eb-3806-49dc-addb-41de37e7bdb3</ProjectId>
      <CorrelationId>Intent.Application.MediatR.Behaviours.LoggingBehaviour</CorrelationId>
      <OverwriteBehaviour>always</OverwriteBehaviour>
      <ApplicationRelativeFilePath>../../InsureIt/InsureIt.Application/Common/Behaviours/LoggingBehaviour.cs</ApplicationRelativeFilePath>
      <ProjectRelativeFilePath>LoggingBehaviour.cs</ProjectRelativeFilePath>
      <IsIgnored>false</IsIgnored>
    </FileLog>
    <FileLog>
      <ProjectId>cb9d04eb-3806-49dc-addb-41de37e7bdb3</ProjectId>
      <CorrelationId>Intent.Application.MediatR.Behaviours.PerformanceBehaviour</CorrelationId>
      <OverwriteBehaviour>always</OverwriteBehaviour>
      <ApplicationRelativeFilePath>../../InsureIt/InsureIt.Application/Common/Behaviours/PerformanceBehaviour.cs</ApplicationRelativeFilePath>
      <ProjectRelativeFilePath>PerformanceBehaviour.cs</ProjectRelativeFilePath>
      <IsIgnored>false</IsIgnored>
    </FileLog>
    <FileLog>
      <ProjectId>cb9d04eb-3806-49dc-addb-41de37e7bdb3</ProjectId>
      <CorrelationId>Intent.Application.MediatR.Behaviours.UnhandledExceptionBehaviour</CorrelationId>
      <OverwriteBehaviour>always</OverwriteBehaviour>
      <ApplicationRelativeFilePath>../../InsureIt/InsureIt.Application/Common/Behaviours/UnhandledExceptionBehaviour.cs</ApplicationRelativeFilePath>
      <ProjectRelativeFilePath>UnhandledExceptionBehaviour.cs</ProjectRelativeFilePath>
      <IsIgnored>false</IsIgnored>
    </FileLog>
    <FileLog>
      <ProjectId>cb9d04eb-3806-49dc-addb-41de37e7bdb3</ProjectId>
      <CorrelationId>Intent.Application.MediatR.Behaviours.UnitOfWorkBehaviour</CorrelationId>
      <OverwriteBehaviour>always</OverwriteBehaviour>
      <ApplicationRelativeFilePath>../../InsureIt/InsureIt.Application/Common/Behaviours/UnitOfWorkBehaviour.cs</ApplicationRelativeFilePath>
      <ProjectRelativeFilePath>UnitOfWorkBehaviour.cs</ProjectRelativeFilePath>
      <IsIgnored>false</IsIgnored>
    </FileLog>
    <FileLog>
      <ProjectId>cb9d04eb-3806-49dc-addb-41de37e7bdb3</ProjectId>
      <CorrelationId>Intent.Application.MediatR.FluentValidation.ValidationBehaviour</CorrelationId>
      <OverwriteBehaviour>always</OverwriteBehaviour>
      <ApplicationRelativeFilePath>../../InsureIt/InsureIt.Application/Common/Behaviours/ValidationBehaviour.cs</ApplicationRelativeFilePath>
      <ProjectRelativeFilePath>ValidationBehaviour.cs</ProjectRelativeFilePath>
      <IsIgnored>false</IsIgnored>
    </FileLog>
    <FileLog>
      <ProjectId>e2e15cef-5c46-4d22-b599-b1ceb088e691</ProjectId>
      <CorrelationId>Intent.Application.Identity.ForbiddenAccessException</CorrelationId>
      <OverwriteBehaviour>always</OverwriteBehaviour>
      <ApplicationRelativeFilePath>../../InsureIt/InsureIt.Application/Common/Exceptions/ForbiddenAccessException.cs</ApplicationRelativeFilePath>
      <ProjectRelativeFilePath>ForbiddenAccessException.cs</ProjectRelativeFilePath>
      <IsIgnored>false</IsIgnored>
    </FileLog>
    <FileLog>
      <ProjectId>e3976907-0ec9-4c49-9ffd-c9667bbca3a9</ProjectId>
      <CorrelationId>Intent.Application.MediatR.CommandInterface</CorrelationId>
      <OverwriteBehaviour>always</OverwriteBehaviour>
      <ApplicationRelativeFilePath>../../InsureIt/InsureIt.Application/Common/Interfaces/ICommand.cs</ApplicationRelativeFilePath>
      <ProjectRelativeFilePath>ICommand.cs</ProjectRelativeFilePath>
      <IsIgnored>false</IsIgnored>
    </FileLog>
    <FileLog>
      <ProjectId>e3976907-0ec9-4c49-9ffd-c9667bbca3a9</ProjectId>
      <CorrelationId>Intent.Application.Identity.CurrentUserServiceInterface</CorrelationId>
      <OverwriteBehaviour>always</OverwriteBehaviour>
      <ApplicationRelativeFilePath>../../InsureIt/InsureIt.Application/Common/Interfaces/ICurrentUserService.cs</ApplicationRelativeFilePath>
      <ProjectRelativeFilePath>ICurrentUserService.cs</ProjectRelativeFilePath>
      <IsIgnored>false</IsIgnored>
    </FileLog>
    <FileLog>
      <ProjectId>e3976907-0ec9-4c49-9ffd-c9667bbca3a9</ProjectId>
      <CorrelationId>Intent.DomainEvents.DomainEventServiceInterface</CorrelationId>
      <OverwriteBehaviour>always</OverwriteBehaviour>
      <ApplicationRelativeFilePath>../../InsureIt/InsureIt.Application/Common/Interfaces/IDomainEventService.cs</ApplicationRelativeFilePath>
      <ProjectRelativeFilePath>IDomainEventService.cs</ProjectRelativeFilePath>
      <IsIgnored>false</IsIgnored>
    </FileLog>
    <FileLog>
      <ProjectId>e3976907-0ec9-4c49-9ffd-c9667bbca3a9</ProjectId>
      <CorrelationId>Intent.Application.MediatR.QueryInterface</CorrelationId>
      <OverwriteBehaviour>always</OverwriteBehaviour>
      <ApplicationRelativeFilePath>../../InsureIt/InsureIt.Application/Common/Interfaces/IQuery.cs</ApplicationRelativeFilePath>
      <ProjectRelativeFilePath>IQuery.cs</ProjectRelativeFilePath>
      <IsIgnored>false</IsIgnored>
    </FileLog>
    <FileLog>
      <ProjectId>deaaf7ce-6277-4134-a45f-fca158256370</ProjectId>
      <CorrelationId>Intent.Application.AutoMapper.MapFromInterface</CorrelationId>
      <OverwriteBehaviour>always</OverwriteBehaviour>
      <ApplicationRelativeFilePath>../../InsureIt/InsureIt.Application/Common/Mappings/IMapFrom.cs</ApplicationRelativeFilePath>
      <ProjectRelativeFilePath>IMapFrom.cs</ProjectRelativeFilePath>
      <IsIgnored>false</IsIgnored>
    </FileLog>
    <FileLog>
      <ProjectId>deaaf7ce-6277-4134-a45f-fca158256370</ProjectId>
      <CorrelationId>Intent.Application.AutoMapper.MappingProfile</CorrelationId>
      <OverwriteBehaviour>always</OverwriteBehaviour>
      <ApplicationRelativeFilePath>../../InsureIt/InsureIt.Application/Common/Mappings/MappingProfile.cs</ApplicationRelativeFilePath>
      <ProjectRelativeFilePath>MappingProfile.cs</ProjectRelativeFilePath>
      <IsIgnored>false</IsIgnored>
    </FileLog>
    <FileLog>
      <ProjectId>0a731162-4a10-40a3-84c0-7454c8a8601e</ProjectId>
      <CorrelationId>Intent.MediatR.DomainEvents.DomainEventNotification</CorrelationId>
      <OverwriteBehaviour>always</OverwriteBehaviour>
      <ApplicationRelativeFilePath>../../InsureIt/InsureIt.Application/Common/Models/DomainEventNotification.cs</ApplicationRelativeFilePath>
      <ProjectRelativeFilePath>DomainEventNotification.cs</ProjectRelativeFilePath>
      <IsIgnored>false</IsIgnored>
    </FileLog>
    <FileLog>
      <ProjectId>0a731162-4a10-40a3-84c0-7454c8a8601e</ProjectId>
      <CorrelationId>Intent.Application.Identity.ResultModel</CorrelationId>
      <OverwriteBehaviour>always</OverwriteBehaviour>
      <ApplicationRelativeFilePath>../../InsureIt/InsureIt.Application/Common/Models/Result.cs</ApplicationRelativeFilePath>
      <ProjectRelativeFilePath>Result.cs</ProjectRelativeFilePath>
      <IsIgnored>false</IsIgnored>
    </FileLog>
    <FileLog>
      <ProjectId>62ffb0c9-ed29-4fde-8e08-6ea4bc49920f</ProjectId>
      <CorrelationId>Intent.EntityFrameworkCore.PagedList</CorrelationId>
      <OverwriteBehaviour>always</OverwriteBehaviour>
      <ApplicationRelativeFilePath>../../InsureIt/InsureIt.Application/Common/Pagination/PagedList.cs</ApplicationRelativeFilePath>
      <ProjectRelativeFilePath>PagedList.cs</ProjectRelativeFilePath>
      <IsIgnored>false</IsIgnored>
    </FileLog>
    <FileLog>
      <ProjectId>62ffb0c9-ed29-4fde-8e08-6ea4bc49920f</ProjectId>
      <CorrelationId>Intent.Application.Dtos.Pagination.PagedResult</CorrelationId>
      <OverwriteBehaviour>always</OverwriteBehaviour>
      <ApplicationRelativeFilePath>../../InsureIt/InsureIt.Application/Common/Pagination/PagedResult.cs</ApplicationRelativeFilePath>
      <ProjectRelativeFilePath>PagedResult.cs</ProjectRelativeFilePath>
      <IsIgnored>false</IsIgnored>
    </FileLog>
    <FileLog>
      <ProjectId>62ffb0c9-ed29-4fde-8e08-6ea4bc49920f</ProjectId>
      <CorrelationId>Intent.Application.Dtos.Pagination.PagedResultMappingExtensions</CorrelationId>
      <OverwriteBehaviour>always</OverwriteBehaviour>
      <ApplicationRelativeFilePath>../../InsureIt/InsureIt.Application/Common/Pagination/PagedResultMappingExtensions.cs</ApplicationRelativeFilePath>
      <ProjectRelativeFilePath>PagedResultMappingExtensions.cs</ProjectRelativeFilePath>
      <IsIgnored>false</IsIgnored>
    </FileLog>
    <FileLog>
      <ProjectId>68f45340-d594-4160-b9a0-5112d6728af3</ProjectId>
      <CorrelationId>Intent.Application.Identity.AuthorizeAttribute</CorrelationId>
      <OverwriteBehaviour>always</OverwriteBehaviour>
      <ApplicationRelativeFilePath>../../InsureIt/InsureIt.Application/Common/Security/AuthorizeAttribute.cs</ApplicationRelativeFilePath>
      <ProjectRelativeFilePath>AuthorizeAttribute.cs</ProjectRelativeFilePath>
      <IsIgnored>false</IsIgnored>
    </FileLog>
    <FileLog>
      <ProjectId>df2231bb-53ed-481c-97ee-edec6182bc9e</ProjectId>
      <CorrelationId>Intent.Application.FluentValidation.Dtos.ValidationServiceInterface</CorrelationId>
      <OverwriteBehaviour>always</OverwriteBehaviour>
      <ApplicationRelativeFilePath>../../InsureIt/InsureIt.Application/Common/Validation/IValidationService.cs</ApplicationRelativeFilePath>
      <ProjectRelativeFilePath>IValidationService.cs</ProjectRelativeFilePath>
      <IsIgnored>false</IsIgnored>
    </FileLog>
    <FileLog>
      <ProjectId>df2231bb-53ed-481c-97ee-edec6182bc9e</ProjectId>
      <CorrelationId>Intent.Application.FluentValidation.Dtos.ValidatorProviderInterface</CorrelationId>
      <OverwriteBehaviour>always</OverwriteBehaviour>
      <ApplicationRelativeFilePath>../../InsureIt/InsureIt.Application/Common/Validation/IValidatorProvider.cs</ApplicationRelativeFilePath>
      <ProjectRelativeFilePath>IValidatorProvider.cs</ProjectRelativeFilePath>
      <IsIgnored>false</IsIgnored>
    </FileLog>
    <FileLog>
      <ProjectId>df2231bb-53ed-481c-97ee-edec6182bc9e</ProjectId>
      <CorrelationId>Intent.Application.FluentValidation.Dtos.ValidationService</CorrelationId>
      <OverwriteBehaviour>always</OverwriteBehaviour>
      <ApplicationRelativeFilePath>../../InsureIt/InsureIt.Application/Common/Validation/ValidationService.cs</ApplicationRelativeFilePath>
      <ProjectRelativeFilePath>ValidationService.cs</ProjectRelativeFilePath>
      <IsIgnored>false</IsIgnored>
    </FileLog>
    <FileLog>
      <ProjectId>df2231bb-53ed-481c-97ee-edec6182bc9e</ProjectId>
      <CorrelationId>Intent.Application.FluentValidation.Dtos.ValidatorProvider</CorrelationId>
      <OverwriteBehaviour>always</OverwriteBehaviour>
      <ApplicationRelativeFilePath>../../InsureIt/InsureIt.Application/Common/Validation/ValidatorProvider.cs</ApplicationRelativeFilePath>
      <ProjectRelativeFilePath>ValidatorProvider.cs</ProjectRelativeFilePath>
      <IsIgnored>false</IsIgnored>
    </FileLog>
    <FileLog>
      <ProjectId>9c82ae3a-6b69-420b-ac51-a1c16afa630f</ProjectId>
      <CorrelationId>Intent.Application.Dtos.DtoModel#3b92114e-0ba0-400d-a41f-1552d0af1cf2</CorrelationId>
      <OverwriteBehaviour>always</OverwriteBehaviour>
      <ApplicationRelativeFilePath>../../InsureIt/InsureIt.Application/Customers/CustomerCreateDto.cs</ApplicationRelativeFilePath>
      <ProjectRelativeFilePath>Customers/CustomerCreateDto.cs</ProjectRelativeFilePath>
      <IsIgnored>false</IsIgnored>
    </FileLog>
    <FileLog>
      <ProjectId>9c82ae3a-6b69-420b-ac51-a1c16afa630f</ProjectId>
      <CorrelationId>Intent.Application.FluentValidation.Dtos.DTOValidator#3b92114e-0ba0-400d-a41f-1552d0af1cf2</CorrelationId>
      <OverwriteBehaviour>always</OverwriteBehaviour>
      <ApplicationRelativeFilePath>../../InsureIt/InsureIt.Application/Customers/CustomerCreateDtoValidator.cs</ApplicationRelativeFilePath>
      <ProjectRelativeFilePath>Customers/CustomerCreateDtoValidator.cs</ProjectRelativeFilePath>
      <IsIgnored>false</IsIgnored>
    </FileLog>
    <FileLog>
      <ProjectId>9c82ae3a-6b69-420b-ac51-a1c16afa630f</ProjectId>
      <CorrelationId>Intent.Application.Dtos.DtoModel#7d698419-dd66-46bb-96ea-e1e6ec69a7e6</CorrelationId>
      <OverwriteBehaviour>always</OverwriteBehaviour>
      <ApplicationRelativeFilePath>../../InsureIt/InsureIt.Application/Customers/CustomerDto.cs</ApplicationRelativeFilePath>
      <ProjectRelativeFilePath>Customers/CustomerDto.cs</ProjectRelativeFilePath>
      <IsIgnored>false</IsIgnored>
    </FileLog>
    <FileLog>
      <ProjectId>9c82ae3a-6b69-420b-ac51-a1c16afa630f</ProjectId>
      <CorrelationId>Intent.Application.Dtos.AutoMapper.MappingExtensions#7d698419-dd66-46bb-96ea-e1e6ec69a7e6</CorrelationId>
      <OverwriteBehaviour>always</OverwriteBehaviour>
      <ApplicationRelativeFilePath>../../InsureIt/InsureIt.Application/Customers/CustomerDtoMappingExtensions.cs</ApplicationRelativeFilePath>
      <ProjectRelativeFilePath>Customers/CustomerDtoMappingExtensions.cs</ProjectRelativeFilePath>
      <IsIgnored>false</IsIgnored>
    </FileLog>
    <FileLog>
      <ProjectId>9c82ae3a-6b69-420b-ac51-a1c16afa630f</ProjectId>
      <CorrelationId>Intent.Application.Dtos.DtoModel#54e7f198-fbbe-42cb-be54-9aeb82087b24</CorrelationId>
      <OverwriteBehaviour>always</OverwriteBehaviour>
      <ApplicationRelativeFilePath>../../InsureIt/InsureIt.Application/Customers/CustomerUpdateDto.cs</ApplicationRelativeFilePath>
      <ProjectRelativeFilePath>Customers/CustomerUpdateDto.cs</ProjectRelativeFilePath>
      <IsIgnored>false</IsIgnored>
    </FileLog>
    <FileLog>
      <ProjectId>9c82ae3a-6b69-420b-ac51-a1c16afa630f</ProjectId>
      <CorrelationId>Intent.Application.FluentValidation.Dtos.DTOValidator#54e7f198-fbbe-42cb-be54-9aeb82087b24</CorrelationId>
      <OverwriteBehaviour>always</OverwriteBehaviour>
      <ApplicationRelativeFilePath>../../InsureIt/InsureIt.Application/Customers/CustomerUpdateDtoValidator.cs</ApplicationRelativeFilePath>
      <ProjectRelativeFilePath>Customers/CustomerUpdateDtoValidator.cs</ProjectRelativeFilePath>
      <IsIgnored>false</IsIgnored>
    </FileLog>
    <FileLog>
      <ProjectId>9c82ae3a-6b69-420b-ac51-a1c16afa630f</ProjectId>
      <CorrelationId>Intent.Application.DependencyInjection.DependencyInjection</CorrelationId>
      <OverwriteBehaviour>always</OverwriteBehaviour>
      <ApplicationRelativeFilePath>../../InsureIt/InsureIt.Application/DependencyInjection.cs</ApplicationRelativeFilePath>
      <ProjectRelativeFilePath>DependencyInjection.cs</ProjectRelativeFilePath>
      <IsIgnored>false</IsIgnored>
    </FileLog>
    <FileLog>
      <ProjectId>5d1e808b-6b48-476b-b2d6-3e9d07c67032</ProjectId>
      <CorrelationId>Intent.Application.ServiceImplementations.ServiceImplementation#0194e17c-8344-400a-aabc-4b43ace80030</CorrelationId>
      <OverwriteBehaviour>always</OverwriteBehaviour>
      <ApplicationRelativeFilePath>../../InsureIt/InsureIt.Application/Implementation/CustomersService.cs</ApplicationRelativeFilePath>
      <ProjectRelativeFilePath>CustomersService.cs</ProjectRelativeFilePath>
      <IsIgnored>false</IsIgnored>
    </FileLog>
    <FileLog>
      <ProjectId>5d1e808b-6b48-476b-b2d6-3e9d07c67032</ProjectId>
      <CorrelationId>Intent.Application.ServiceImplementations.ServiceImplementation#54eaffc3-e829-4750-8caa-1eea262d6a3a</CorrelationId>
      <OverwriteBehaviour>always</OverwriteBehaviour>
      <ApplicationRelativeFilePath>../../InsureIt/InsureIt.Application/Implementation/QuotesService.cs</ApplicationRelativeFilePath>
      <ProjectRelativeFilePath>QuotesService.cs</ProjectRelativeFilePath>
      <IsIgnored>false</IsIgnored>
    </FileLog>
    <FileLog>
      <ProjectId>9c82ae3a-6b69-420b-ac51-a1c16afa630f</ProjectId>
      <CorrelationId>Intent.VisualStudio.Projects.CSharpProject#9c82ae3a-6b69-420b-ac51-a1c16afa630f</CorrelationId>
      <OverwriteBehaviour>always</OverwriteBehaviour>
      <ApplicationRelativeFilePath>../../InsureIt/InsureIt.Application/InsureIt.Application.csproj</ApplicationRelativeFilePath>
      <ProjectRelativeFilePath>InsureIt.Application.csproj</ProjectRelativeFilePath>
      <IsIgnored>false</IsIgnored>
    </FileLog>
    <FileLog>
      <ProjectId>13cb830e-f610-41dc-a623-93d149dd36fb</ProjectId>
      <CorrelationId>Intent.Application.Contracts.ServiceContract#0194e17c-8344-400a-aabc-4b43ace80030</CorrelationId>
      <OverwriteBehaviour>always</OverwriteBehaviour>
      <ApplicationRelativeFilePath>../../InsureIt/InsureIt.Application/Interfaces/ICustomersService.cs</ApplicationRelativeFilePath>
      <ProjectRelativeFilePath>ICustomersService.cs</ProjectRelativeFilePath>
      <IsIgnored>false</IsIgnored>
    </FileLog>
    <FileLog>
      <ProjectId>13cb830e-f610-41dc-a623-93d149dd36fb</ProjectId>
      <CorrelationId>Intent.Application.Contracts.ServiceContract#54eaffc3-e829-4750-8caa-1eea262d6a3a</CorrelationId>
      <OverwriteBehaviour>always</OverwriteBehaviour>
      <ApplicationRelativeFilePath>../../InsureIt/InsureIt.Application/Interfaces/IQuotesService.cs</ApplicationRelativeFilePath>
      <ProjectRelativeFilePath>IQuotesService.cs</ProjectRelativeFilePath>
      <IsIgnored>false</IsIgnored>
    </FileLog>
    <FileLog>
      <ProjectId>9c82ae3a-6b69-420b-ac51-a1c16afa630f</ProjectId>
      <CorrelationId>Intent.Application.Dtos.DtoModel#b763b27e-6d54-4772-ad6e-ea1e075b4e6f</CorrelationId>
      <OverwriteBehaviour>always</OverwriteBehaviour>
      <ApplicationRelativeFilePath>../../InsureIt/InsureIt.Application/Quotes/QuoteCreateDto.cs</ApplicationRelativeFilePath>
      <ProjectRelativeFilePath>Quotes/QuoteCreateDto.cs</ProjectRelativeFilePath>
      <IsIgnored>false</IsIgnored>
    </FileLog>
    <FileLog>
      <ProjectId>9c82ae3a-6b69-420b-ac51-a1c16afa630f</ProjectId>
      <CorrelationId>Intent.Application.FluentValidation.Dtos.DTOValidator#b763b27e-6d54-4772-ad6e-ea1e075b4e6f</CorrelationId>
      <OverwriteBehaviour>always</OverwriteBehaviour>
      <ApplicationRelativeFilePath>../../InsureIt/InsureIt.Application/Quotes/QuoteCreateDtoValidator.cs</ApplicationRelativeFilePath>
      <ProjectRelativeFilePath>Quotes/QuoteCreateDtoValidator.cs</ProjectRelativeFilePath>
      <IsIgnored>false</IsIgnored>
    </FileLog>
    <FileLog>
      <ProjectId>9c82ae3a-6b69-420b-ac51-a1c16afa630f</ProjectId>
      <CorrelationId>Intent.Application.Dtos.DtoModel#7dd8c5c9-5a85-4c9f-9816-f313bbc5e086</CorrelationId>
      <OverwriteBehaviour>always</OverwriteBehaviour>
      <ApplicationRelativeFilePath>../../InsureIt/InsureIt.Application/Quotes/QuoteDto.cs</ApplicationRelativeFilePath>
      <ProjectRelativeFilePath>Quotes/QuoteDto.cs</ProjectRelativeFilePath>
      <IsIgnored>false</IsIgnored>
    </FileLog>
    <FileLog>
      <ProjectId>9c82ae3a-6b69-420b-ac51-a1c16afa630f</ProjectId>
      <CorrelationId>Intent.Application.Dtos.AutoMapper.MappingExtensions#7dd8c5c9-5a85-4c9f-9816-f313bbc5e086</CorrelationId>
      <OverwriteBehaviour>always</OverwriteBehaviour>
      <ApplicationRelativeFilePath>../../InsureIt/InsureIt.Application/Quotes/QuoteDtoMappingExtensions.cs</ApplicationRelativeFilePath>
      <ProjectRelativeFilePath>Quotes/QuoteDtoMappingExtensions.cs</ProjectRelativeFilePath>
      <IsIgnored>false</IsIgnored>
    </FileLog>
    <FileLog>
      <ProjectId>9c82ae3a-6b69-420b-ac51-a1c16afa630f</ProjectId>
      <CorrelationId>Intent.Application.Dtos.DtoModel#0edab8c4-110c-4ba3-b678-da6054b0684e</CorrelationId>
      <OverwriteBehaviour>always</OverwriteBehaviour>
      <ApplicationRelativeFilePath>../../InsureIt/InsureIt.Application/Quotes/QuoteUpdateDto.cs</ApplicationRelativeFilePath>
      <ProjectRelativeFilePath>Quotes/QuoteUpdateDto.cs</ProjectRelativeFilePath>
      <IsIgnored>false</IsIgnored>
    </FileLog>
    <FileLog>
      <ProjectId>9c82ae3a-6b69-420b-ac51-a1c16afa630f</ProjectId>
      <CorrelationId>Intent.Application.FluentValidation.Dtos.DTOValidator#0edab8c4-110c-4ba3-b678-da6054b0684e</CorrelationId>
      <OverwriteBehaviour>always</OverwriteBehaviour>
      <ApplicationRelativeFilePath>../../InsureIt/InsureIt.Application/Quotes/QuoteUpdateDtoValidator.cs</ApplicationRelativeFilePath>
      <ProjectRelativeFilePath>Quotes/QuoteUpdateDtoValidator.cs</ProjectRelativeFilePath>
      <IsIgnored>false</IsIgnored>
    </FileLog>
    <FileLog>
      <ProjectId>e3e9800b-66af-4184-b088-9413bbe7aae3</ProjectId>
      <CorrelationId>Intent.Entities.CollectionExtensions</CorrelationId>
      <OverwriteBehaviour>always</OverwriteBehaviour>
      <ApplicationRelativeFilePath>../../InsureIt/InsureIt.Domain/Common/CollectionExtensions.cs</ApplicationRelativeFilePath>
      <ProjectRelativeFilePath>CollectionExtensions.cs</ProjectRelativeFilePath>
      <IsIgnored>false</IsIgnored>
    </FileLog>
    <FileLog>
      <ProjectId>e3e9800b-66af-4184-b088-9413bbe7aae3</ProjectId>
      <CorrelationId>Intent.DomainEvents.DomainEventBase</CorrelationId>
      <OverwriteBehaviour>always</OverwriteBehaviour>
      <ApplicationRelativeFilePath>../../InsureIt/InsureIt.Domain/Common/DomainEvent.cs</ApplicationRelativeFilePath>
      <ProjectRelativeFilePath>DomainEvent.cs</ProjectRelativeFilePath>
      <IsIgnored>false</IsIgnored>
    </FileLog>
    <FileLog>
      <ProjectId>abb43cdf-74ab-457c-9e4a-0b4e898e5a8f</ProjectId>
      <CorrelationId>Intent.Entities.NotFoundException</CorrelationId>
      <OverwriteBehaviour>always</OverwriteBehaviour>
      <ApplicationRelativeFilePath>../../InsureIt/InsureIt.Domain/Common/Exceptions/NotFoundException.cs</ApplicationRelativeFilePath>
      <ProjectRelativeFilePath>NotFoundException.cs</ProjectRelativeFilePath>
      <IsIgnored>false</IsIgnored>
    </FileLog>
    <FileLog>
      <ProjectId>e3e9800b-66af-4184-b088-9413bbe7aae3</ProjectId>
      <CorrelationId>Intent.DomainEvents.HasDomainEventInterface</CorrelationId>
      <OverwriteBehaviour>always</OverwriteBehaviour>
      <ApplicationRelativeFilePath>../../InsureIt/InsureIt.Domain/Common/IHasDomainEvent.cs</ApplicationRelativeFilePath>
      <ProjectRelativeFilePath>IHasDomainEvent.cs</ProjectRelativeFilePath>
      <IsIgnored>false</IsIgnored>
    </FileLog>
    <FileLog>
      <ProjectId>10295b06-f0be-426a-aaed-72b1637a17e2</ProjectId>
      <CorrelationId>Intent.Entities.Repositories.Api.UnitOfWorkInterface</CorrelationId>
      <OverwriteBehaviour>always</OverwriteBehaviour>
      <ApplicationRelativeFilePath>../../InsureIt/InsureIt.Domain/Common/Interfaces/IUnitOfWork.cs</ApplicationRelativeFilePath>
      <ProjectRelativeFilePath>IUnitOfWork.cs</ProjectRelativeFilePath>
      <IsIgnored>false</IsIgnored>
    </FileLog>
    <FileLog>
      <ProjectId>e3e9800b-66af-4184-b088-9413bbe7aae3</ProjectId>
      <CorrelationId>Intent.Entities.UpdateHelper</CorrelationId>
      <OverwriteBehaviour>always</OverwriteBehaviour>
      <ApplicationRelativeFilePath>../../InsureIt/InsureIt.Domain/Common/UpdateHelper.cs</ApplicationRelativeFilePath>
      <ProjectRelativeFilePath>UpdateHelper.cs</ProjectRelativeFilePath>
      <IsIgnored>false</IsIgnored>
    </FileLog>
    <FileLog>
      <ProjectId>ca888e83-4c7e-4851-a43a-ffbe84c74550</ProjectId>
      <CorrelationId>Intent.Entities.DomainEntity#fadc9412-651b-457e-90aa-60c44beacf89</CorrelationId>
      <OverwriteBehaviour>always</OverwriteBehaviour>
      <ApplicationRelativeFilePath>../../InsureIt/InsureIt.Domain/Entities/Customer.cs</ApplicationRelativeFilePath>
      <ProjectRelativeFilePath>Customer.cs</ProjectRelativeFilePath>
      <IsIgnored>false</IsIgnored>
    </FileLog>
    <FileLog>
      <ProjectId>ca888e83-4c7e-4851-a43a-ffbe84c74550</ProjectId>
      <CorrelationId>Intent.Entities.DomainEntity#ae7d3b1c-a42a-48a4-bb9d-d12360d90d21</CorrelationId>
      <OverwriteBehaviour>always</OverwriteBehaviour>
      <ApplicationRelativeFilePath>../../InsureIt/InsureIt.Domain/Entities/Quote.cs</ApplicationRelativeFilePath>
      <ProjectRelativeFilePath>Quote.cs</ProjectRelativeFilePath>
      <IsIgnored>false</IsIgnored>
    </FileLog>
    <FileLog>
      <ProjectId>43e6edcc-a745-4d55-ba5a-d1d897f3376e</ProjectId>
      <CorrelationId>Intent.VisualStudio.Projects.CSharpProject#43e6edcc-a745-4d55-ba5a-d1d897f3376e</CorrelationId>
      <OverwriteBehaviour>always</OverwriteBehaviour>
      <ApplicationRelativeFilePath>../../InsureIt/InsureIt.Domain/InsureIt.Domain.csproj</ApplicationRelativeFilePath>
      <ProjectRelativeFilePath>InsureIt.Domain.csproj</ProjectRelativeFilePath>
      <IsIgnored>false</IsIgnored>
    </FileLog>
    <FileLog>
      <ProjectId>d3097d55-3d53-4c5b-8f84-e814c4ce4ef7</ProjectId>
      <CorrelationId>Intent.Entities.Repositories.Api.EntityRepositoryInterface#fadc9412-651b-457e-90aa-60c44beacf89</CorrelationId>
      <OverwriteBehaviour>always</OverwriteBehaviour>
      <ApplicationRelativeFilePath>../../InsureIt/InsureIt.Domain/Repositories/ICustomerRepository.cs</ApplicationRelativeFilePath>
      <ProjectRelativeFilePath>ICustomerRepository.cs</ProjectRelativeFilePath>
      <IsIgnored>false</IsIgnored>
    </FileLog>
    <FileLog>
      <ProjectId>d3097d55-3d53-4c5b-8f84-e814c4ce4ef7</ProjectId>
      <CorrelationId>Intent.EntityFrameworkCore.Repositories.EFRepositoryInterface</CorrelationId>
      <OverwriteBehaviour>always</OverwriteBehaviour>
      <ApplicationRelativeFilePath>../../InsureIt/InsureIt.Domain/Repositories/IEFRepository.cs</ApplicationRelativeFilePath>
      <ProjectRelativeFilePath>IEFRepository.cs</ProjectRelativeFilePath>
      <IsIgnored>false</IsIgnored>
    </FileLog>
    <FileLog>
      <ProjectId>d3097d55-3d53-4c5b-8f84-e814c4ce4ef7</ProjectId>
      <CorrelationId>Intent.Entities.Repositories.Api.PagedListInterface</CorrelationId>
      <OverwriteBehaviour>always</OverwriteBehaviour>
      <ApplicationRelativeFilePath>../../InsureIt/InsureIt.Domain/Repositories/IPagedList.cs</ApplicationRelativeFilePath>
      <ProjectRelativeFilePath>IPagedList.cs</ProjectRelativeFilePath>
      <IsIgnored>false</IsIgnored>
    </FileLog>
    <FileLog>
      <ProjectId>d3097d55-3d53-4c5b-8f84-e814c4ce4ef7</ProjectId>
      <CorrelationId>Intent.Entities.Repositories.Api.EntityRepositoryInterface#ae7d3b1c-a42a-48a4-bb9d-d12360d90d21</CorrelationId>
      <OverwriteBehaviour>always</OverwriteBehaviour>
      <ApplicationRelativeFilePath>../../InsureIt/InsureIt.Domain/Repositories/IQuoteRepository.cs</ApplicationRelativeFilePath>
      <ProjectRelativeFilePath>IQuoteRepository.cs</ProjectRelativeFilePath>
      <IsIgnored>false</IsIgnored>
    </FileLog>
    <FileLog>
      <ProjectId>d3097d55-3d53-4c5b-8f84-e814c4ce4ef7</ProjectId>
      <CorrelationId>Intent.Entities.Repositories.Api.RepositoryInterface</CorrelationId>
      <OverwriteBehaviour>always</OverwriteBehaviour>
      <ApplicationRelativeFilePath>../../InsureIt/InsureIt.Domain/Repositories/IRepository.cs</ApplicationRelativeFilePath>
      <ProjectRelativeFilePath>IRepository.cs</ProjectRelativeFilePath>
      <IsIgnored>false</IsIgnored>
    </FileLog>
    <FileLog>
      <ProjectId>43e6edcc-a745-4d55-ba5a-d1d897f3376e</ProjectId>
      <CorrelationId>Intent.Entities.DomainEnum#f74e64fb-4a46-46a8-b4c5-64028562dfee</CorrelationId>
      <OverwriteBehaviour>always</OverwriteBehaviour>
      <ApplicationRelativeFilePath>../../InsureIt/InsureIt.Domain/VehicleType.cs</ApplicationRelativeFilePath>
      <ProjectRelativeFilePath>VehicleType.cs</ProjectRelativeFilePath>
      <IsIgnored>false</IsIgnored>
    </FileLog>
    <FileLog>
      <ProjectId>0c6c55f3-bdbb-447e-b968-b591fcb4de50</ProjectId>
      <CorrelationId>Intent.Infrastructure.DependencyInjection.DependencyInjection</CorrelationId>
      <OverwriteBehaviour>always</OverwriteBehaviour>
      <ApplicationRelativeFilePath>../../InsureIt/InsureIt.Infrastructure/DependencyInjection.cs</ApplicationRelativeFilePath>
      <ProjectRelativeFilePath>DependencyInjection.cs</ProjectRelativeFilePath>
      <IsIgnored>false</IsIgnored>
    </FileLog>
    <FileLog>
      <ProjectId>0c6c55f3-bdbb-447e-b968-b591fcb4de50</ProjectId>
      <CorrelationId>Intent.VisualStudio.Projects.CSharpProject#0c6c55f3-bdbb-447e-b968-b591fcb4de50</CorrelationId>
      <OverwriteBehaviour>always</OverwriteBehaviour>
      <ApplicationRelativeFilePath>../../InsureIt/InsureIt.Infrastructure/InsureIt.Infrastructure.csproj</ApplicationRelativeFilePath>
      <ProjectRelativeFilePath>InsureIt.Infrastructure.csproj</ProjectRelativeFilePath>
      <IsIgnored>false</IsIgnored>
    </FileLog>
    <FileLog>
      <ProjectId>9df34da9-c121-47b4-83ae-b8e0c1471914</ProjectId>
      <CorrelationId>Intent.EntityFrameworkCore.DbContext#DefaultConnection</CorrelationId>
      <OverwriteBehaviour>always</OverwriteBehaviour>
      <ApplicationRelativeFilePath>../../InsureIt/InsureIt.Infrastructure/Persistence/ApplicationDbContext.cs</ApplicationRelativeFilePath>
      <ProjectRelativeFilePath>ApplicationDbContext.cs</ProjectRelativeFilePath>
      <IsIgnored>false</IsIgnored>
    </FileLog>
    <FileLog>
      <ProjectId>d04daf8e-6bc0-4957-bba7-4c260dde3c9f</ProjectId>
      <CorrelationId>Intent.EntityFrameworkCore.EntityTypeConfiguration#fadc9412-651b-457e-90aa-60c44beacf89</CorrelationId>
      <OverwriteBehaviour>always</OverwriteBehaviour>
      <ApplicationRelativeFilePath>../../InsureIt/InsureIt.Infrastructure/Persistence/Configurations/CustomerConfiguration.cs</ApplicationRelativeFilePath>
      <ProjectRelativeFilePath>CustomerConfiguration.cs</ProjectRelativeFilePath>
      <IsIgnored>false</IsIgnored>
    </FileLog>
    <FileLog>
      <ProjectId>d04daf8e-6bc0-4957-bba7-4c260dde3c9f</ProjectId>
      <CorrelationId>Intent.EntityFrameworkCore.EntityTypeConfiguration#ae7d3b1c-a42a-48a4-bb9d-d12360d90d21</CorrelationId>
      <OverwriteBehaviour>always</OverwriteBehaviour>
      <ApplicationRelativeFilePath>../../InsureIt/InsureIt.Infrastructure/Persistence/Configurations/QuoteConfiguration.cs</ApplicationRelativeFilePath>
      <ProjectRelativeFilePath>QuoteConfiguration.cs</ProjectRelativeFilePath>
      <IsIgnored>false</IsIgnored>
    </FileLog>
    <FileLog>
      <ProjectId>9df34da9-c121-47b4-83ae-b8e0c1471914</ProjectId>
      <CorrelationId>Intent.EntityFrameworkCore.DbMigrationsReadMe</CorrelationId>
      <OverwriteBehaviour>always</OverwriteBehaviour>
      <ApplicationRelativeFilePath>../../InsureIt/InsureIt.Infrastructure/Persistence/MIGRATION_README.txt</ApplicationRelativeFilePath>
      <ProjectRelativeFilePath>MIGRATION_README.txt</ProjectRelativeFilePath>
      <IsIgnored>false</IsIgnored>
    </FileLog>
    <FileLog>
      <ProjectId>d5420654-b8a9-4502-ad5b-0a16353bd420</ProjectId>
      <CorrelationId>Intent.EntityFrameworkCore.Repositories.Repository#fadc9412-651b-457e-90aa-60c44beacf89</CorrelationId>
      <OverwriteBehaviour>always</OverwriteBehaviour>
      <ApplicationRelativeFilePath>../../InsureIt/InsureIt.Infrastructure/Repositories/CustomerRepository.cs</ApplicationRelativeFilePath>
      <ProjectRelativeFilePath>CustomerRepository.cs</ProjectRelativeFilePath>
      <IsIgnored>false</IsIgnored>
    </FileLog>
    <FileLog>
      <ProjectId>d5420654-b8a9-4502-ad5b-0a16353bd420</ProjectId>
      <CorrelationId>Intent.EntityFrameworkCore.Repositories.Repository#ae7d3b1c-a42a-48a4-bb9d-d12360d90d21</CorrelationId>
      <OverwriteBehaviour>always</OverwriteBehaviour>
      <ApplicationRelativeFilePath>../../InsureIt/InsureIt.Infrastructure/Repositories/QuoteRepository.cs</ApplicationRelativeFilePath>
      <ProjectRelativeFilePath>QuoteRepository.cs</ProjectRelativeFilePath>
      <IsIgnored>false</IsIgnored>
    </FileLog>
    <FileLog>
      <ProjectId>d5420654-b8a9-4502-ad5b-0a16353bd420</ProjectId>
      <CorrelationId>Intent.EntityFrameworkCore.Repositories.RepositoryBase</CorrelationId>
      <OverwriteBehaviour>always</OverwriteBehaviour>
      <ApplicationRelativeFilePath>../../InsureIt/InsureIt.Infrastructure/Repositories/RepositoryBase.cs</ApplicationRelativeFilePath>
      <ProjectRelativeFilePath>RepositoryBase.cs</ProjectRelativeFilePath>
      <IsIgnored>false</IsIgnored>
    </FileLog>
    <FileLog>
      <ProjectId>ede7836e-36ec-4aa1-9fcd-b5fa4c956d2f</ProjectId>
      <CorrelationId>Intent.MediatR.DomainEvents.DomainEventService</CorrelationId>
      <OverwriteBehaviour>always</OverwriteBehaviour>
      <ApplicationRelativeFilePath>../../InsureIt/InsureIt.Infrastructure/Services/DomainEventService.cs</ApplicationRelativeFilePath>
      <ProjectRelativeFilePath>DomainEventService.cs</ProjectRelativeFilePath>
      <IsIgnored>false</IsIgnored>
    </FileLog>
    <FileLog>
      <CorrelationId>Intent.VisualStudio.Projects.VisualStudioSolution#d1603c57-8179-4cce-863b-6390068cec0d</CorrelationId>
      <OverwriteBehaviour>always</OverwriteBehaviour>
      <ApplicationRelativeFilePath>../../InsureIt/InsureIt.sln</ApplicationRelativeFilePath>
      <IsIgnored>false</IsIgnored>
    </FileLog>
  </FileLogs>
</outputLog>